[debug] [2023-11-04T17:19:40.895Z] ----------------------------------------------------------------------
[debug] [2023-11-04T17:19:40.896Z] Command:       /Users/asiah/.nvm/versions/node/v18.16.0/bin/node /Users/asiah/.nvm/versions/node/v18.16.0/bin/firebase deploy
[debug] [2023-11-04T17:19:40.896Z] CLI Version:   12.8.0
[debug] [2023-11-04T17:19:40.896Z] Platform:      darwin
[debug] [2023-11-04T17:19:40.897Z] Node Version:  v18.16.0
[debug] [2023-11-04T17:19:40.900Z] Time:          Sat Nov 04 2023 13:19:40 GMT-0400 (Eastern Daylight Time)
[debug] [2023-11-04T17:19:40.900Z] ----------------------------------------------------------------------
[debug] 
[debug] [2023-11-04T17:19:40.937Z] > command requires scopes: ["email","openid","https://www.googleapis.com/auth/cloudplatformprojects.readonly","https://www.googleapis.com/auth/firebase","https://www.googleapis.com/auth/cloud-platform"]
[debug] [2023-11-04T17:19:40.937Z] > authorizing via signed-in user (theandrewsiah@gmail.com)
[debug] [2023-11-04T17:19:40.937Z] [iam] checking project andrewsiah-f3b0b for permissions ["firebase.projects.get","firebasehosting.sites.update"]
[debug] [2023-11-04T17:19:40.938Z] >>> [apiv2][query] POST https://cloudresourcemanager.googleapis.com/v1/projects/andrewsiah-f3b0b:testIamPermissions [none]
[debug] [2023-11-04T17:19:40.938Z] >>> [apiv2][(partial)header] POST https://cloudresourcemanager.googleapis.com/v1/projects/andrewsiah-f3b0b:testIamPermissions x-goog-quota-user=projects/andrewsiah-f3b0b
[debug] [2023-11-04T17:19:40.938Z] >>> [apiv2][body] POST https://cloudresourcemanager.googleapis.com/v1/projects/andrewsiah-f3b0b:testIamPermissions {"permissions":["firebase.projects.get","firebasehosting.sites.update"]}
[debug] [2023-11-04T17:19:41.208Z] <<< [apiv2][status] POST https://cloudresourcemanager.googleapis.com/v1/projects/andrewsiah-f3b0b:testIamPermissions 200
[debug] [2023-11-04T17:19:41.209Z] <<< [apiv2][body] POST https://cloudresourcemanager.googleapis.com/v1/projects/andrewsiah-f3b0b:testIamPermissions {"permissions":["firebase.projects.get","firebasehosting.sites.update"]}
[debug] [2023-11-04T17:19:41.210Z] >>> [apiv2][query] GET https://firebase.googleapis.com/v1beta1/projects/andrewsiah-f3b0b [none]
[debug] [2023-11-04T17:19:41.619Z] <<< [apiv2][status] GET https://firebase.googleapis.com/v1beta1/projects/andrewsiah-f3b0b 200
[debug] [2023-11-04T17:19:41.619Z] <<< [apiv2][body] GET https://firebase.googleapis.com/v1beta1/projects/andrewsiah-f3b0b {"projectId":"andrewsiah-f3b0b","projectNumber":"926041565242","displayName":"andrewsiah","name":"projects/andrewsiah-f3b0b","resources":{"hostingSite":"andrewsiah-f3b0b","realtimeDatabaseInstance":"andrewsiah-f3b0b"},"state":"ACTIVE","etag":"1_32f86f91-0c57-4769-a3ff-fe2bdd131bef"}
[info] 
[info] === Deploying to 'andrewsiah-f3b0b'...
[info] 
[info] i  deploying hosting 
[debug] [2023-11-04T17:19:41.621Z] >>> [apiv2][query] POST https://firebasehosting.googleapis.com/v1beta1/projects/-/sites/andrewsiah-f3b0b/versions [none]
[debug] [2023-11-04T17:19:41.621Z] >>> [apiv2][body] POST https://firebasehosting.googleapis.com/v1beta1/projects/-/sites/andrewsiah-f3b0b/versions {"status":"CREATED","labels":{"deployment-tool":"cli-firebase"}}
[debug] [2023-11-04T17:19:42.745Z] <<< [apiv2][status] POST https://firebasehosting.googleapis.com/v1beta1/projects/-/sites/andrewsiah-f3b0b/versions 200
[debug] [2023-11-04T17:19:42.745Z] <<< [apiv2][body] POST https://firebasehosting.googleapis.com/v1beta1/projects/-/sites/andrewsiah-f3b0b/versions {"name":"projects/926041565242/sites/andrewsiah-f3b0b/versions/684ed2a9227fadfd","status":"CREATED","config":{},"labels":{"deployment-tool":"cli-firebase"}}
[info] i  hosting[andrewsiah-f3b0b]: beginning deploy... 
[info] i  hosting[andrewsiah-f3b0b]: found 122 files in public 
[debug] [2023-11-04T17:19:42.762Z] [hosting] uploading with 200 concurrency
[debug] [2023-11-04T17:19:42.784Z] [hosting] hash cache [cHVibGlj] stored for 122 files
[debug] [2023-11-04T17:19:42.785Z] [hosting][hash queue][FINAL] {"max":16,"min":0,"avg":6.229508196721311,"active":0,"complete":122,"success":122,"errored":0,"retried":0,"total":122,"elapsed":21}
[debug] [2023-11-04T17:19:42.785Z] >>> [apiv2][query] POST https://firebasehosting.googleapis.com/v1beta1/projects/926041565242/sites/andrewsiah-f3b0b/versions/684ed2a9227fadfd:populateFiles [none]
[debug] [2023-11-04T17:19:42.785Z] >>> [apiv2][body] POST https://firebasehosting.googleapis.com/v1beta1/projects/926041565242/sites/andrewsiah-f3b0b/versions/684ed2a9227fadfd:populateFiles {"files":{"/assets/css/stylesheet.min.08d6f2005b6ce4ed10207916c0411c66e66f2201e3f7a56e8fb2ccbc4a8b259c.css":"624048c1b4cdb2ec50c740c07241207d44ec501944f50a13684bff8971949554","/assets/css/stylesheet.min.3346f960c5a5f3d47446098d8dea06c6fd4f6166407dfe7d3f82a19ed13e46eb.css":"8333811753e1c0b56a5dbe79b32d3f3647eb09c8a7012654e151c596ef2e97b9","/assets/css/stylesheet.min.ccb64156ae484aed716aaa95eb82c125b24cc405682ed4d80715aef95da82212.css":"1c8cbc06d73d7e253e3a3b404618c46a74bf85599ee35b67b8a00de4e2ea3f85","/assets/css/stylesheet.min.cf975a4c2dde708552623b4a4ebd8270eec46ca99ca0393eb160c0c662f342a8.css":"864bc04715d326ea14e923bda2f6e89e82a37b53c65ae05f8d9a6aabc6eff515","/assets/js/highlight.min.e7afc2928c0925d65c4732dfebe147014d91299a98e819e4b42f25c4fa68e91c.js":"316ae4e0de95e1c17b652b5329b5f14595eda4b150db607ec8d75d1d3cdf40f8","/blogs/columbia_crowded/index.html":"563690fbb14a0d588b2ff11e130126a7ef71f5742bba021be7b8fb640bff496c","/blogs/moral-imperative-to-show-our-work/index.html":"63f6e41495e637d565bbabee78896e00cc989ccf6b4f764f7ab3d48a648effe9","/blogs/test/index.html":"3a8c8a88af0df4a3991708eab2630d6a23f0df14a2e3bc25befc4a4c09c4b827","/blogs/test-copy/index.html":"b97aad644aa466840aee21f0bbb33a28b6b5968dbb0ac06086a320794fa8756b","/blogs/test-copy-2/index.html":"1c256170af48c7cce281cb8d3b3b17acdf61fa4912fecb8247bf27c1e023ad2d","/blogs/test-copy-3/index.html":"ee93733345f10097e7e7787a95568071cd84b48a04351bf416d90888306051d4","/blogs/test-copy-4/index.html":"94a1563982572b2f1c9589706a949aad66d16b8f397fdc4e0d859ef95a4f6540","/404.html":"faeed3306509d8a35f102db7c840ee845768734f93acfea64f5ac2471742e34c","/robots.txt":"b9e792654b9024533e9738fe6fe61455318a23bfb8eef49957cbce463ca26fea","/sitemap.xml":"3101fdbc1cebd2304b639380c58166c0bfc525348249f6718ee6c67ebe0d79cf","/index.xml":"807535b67574cfb8f0a5cea2be30600aa11ba5177acc9ac10cf75da363c0703c","/blogs/index.html":"b318836097bac1adcdc5de0affd2f325b13369d7c03cd0cdbb7797153084e20b","/blogs/index.xml":"06298208332e7855c2c82cd319b44b16f62d2851a8e55cc717750db2c269a44f","/assets/css/stylesheet.5cfc680b1eeaeef9efbced92d46c2a9e876b72ee14fba85846afc4cff9e6e6f8.css":"32b21ac08402942f18d9e2f00b0cdbaa02a85fd1017f8ef089b9b5f772fdc36a","/index.html":"5da2fa80011dacd2dce88fb9cb0ada9da7b4158ecaeb63bce87f8a2653a6664f","/blogs/columbia-dining/index.html":"5bf62af04ac63a414a6d0d360ca82c18ef21be519c4d909c8f87c328a9da2434","/blogs/debugging-pytorch/index.html":"a632ce367aa7119ed3fa79712b05750175ad762bd2c81ab1608fcb5c0fa45317","/archive/index.html":"e00dd0aa69cf9ff870ed2ed5374fcc83d3555b761a6d0156cf3a47b076dbf221","/about/index.html":"1650de1e6e2d32179e718213f562372513e863f0b91af09c5cdfc91e1588daf1","/blogs/blockchain-insurance/index.html":"b8b7d724efb14cea2f7aecafdcacca3820cd17923f32a658c98e1c74338d298c","/blogs/failure-cv/index.html":"f238321eee9e91674c2eaa2a53963ddc66636e898bf19aa9f2cc10e96bf4a68f","/blogs/habits-vs-passion/index.html":"cab7916d40c290804c67f489dea82b25e6b91c4442ecabc6ef7bbf95b00af4c4","/blogs/financial-freedom/index.html":"3aec427f8949ffc9ef7e8cb5daf740c9da517a27cbd3b39dbd30c4ebe3a6a706","/blogs/page/1/index.html":"6fccd1702540974991c6ee756d9162e4bbb4e9c2298027a399a24786f08a2152","/blogs/fear-setting/index.html":"028d55e31c58bac3887cfb9d76cae0dc82baefd5025c8f180ef352aa18e60258","/blogs/on-marriage/index.html":"3ee888002218904df521ebc9683bbff1857de95c78a32fd99ebb796a57ac0795","/blogs/memsi-2021/index.html":"144e8a1a9347e35b3fdad90cb7f8cf20b0df6bead60e6d17fa2396ea775c3e01","/blogs/page/2/index.html":"007345aafa8c2c750c511bf19c84a44c53d33ce24199006502c78d528e2ad767","/blogs/show-our-work/index.html":"2fba6ea154c533c919bc1748c23dcb3f56ce8214ba763715c940e740d5cbf2ce","/blogs/passion-woodfire/index.html":"4e480d1d4fa12dc68d01deeff64c0916b656f02335f83ca13258ae81276e540d","/categories/index.html":"0377ec008f301778108e6a3224fe8908baf392e90ba9dce65497154d95141770","/books/index.html":"77daa8e89890dc22b5d698bbdd3336600840340a2687b5fa0acea50fa54a3f99","/categories/index.xml":"a3ca95e2599d030f18bc77c5aaa3f01e87eddf8083f2fed720a69cd85b4af644","/cheatsheet/index.xml":"fc5fa67638909abb5e368d2ef4ad1999c0b41e0c2c82bce1965f8ba9cf1c16bd","/blogs/show-your-work/index.html":"27ed87e6dc0584a3b6906924300d9e77a2b601407462e6fdec912de609b5487d","/cheatsheet/index.html":"9f2c1d3a7e31aefdcf2ad0c931e2897f1bb2c230f1856f865cbad9c78bfeb56f","/cheatsheet/page/1/index.html":"d67baef15ce79077cf71a9bef9eaf8902f3f7f119238a9ac9b5f4f4d241c3a73","/checklist/index.xml":"5adf6f350704884a1c9513f1e93041f705c4d0badf9780d577638b78c5d75560","/blogs/work-motivation/index.html":"dc991b7e7580249fd9e3a7a06b4c03f3b70f66827afe2db2372234dbd063c38e","/blogs/smartp-goals/index.html":"8f34844363a7ef28823fb012a98b827cfa7412f38cb5040059546f2cdacc6640","/checklist/index.html":"287f10dd9d185930a80bbedde80f9a544b4e2887c82cd7459ae28445985b6f92","/cheatsheet/pipenv/index.html":"91f59d8bf47eaa459c86f145f48ab7f6ad06b367f755eb90b4f363a7432f77b5","/checklist/page/1/index.html":"b47d416878f268554db78b6b95d488d663c6c46bbdc37dd71c3263006c072dd1","/cheatsheet/markdown/index.html":"42e1fe58d6828e04530e0fdef3e97b40d9f3ebd6bdd6433ade68b6352dfd4b73","/checklist/apps/index.html":"baea001314f44f74bcc4c8b565cc5a89cb12f494cdf6d8797ea143a3abaaf6f2","/first/index.html":"ed9a6bd3a6782c8f05d50caadce52c424c9e896c560d0b92aa25831710eb8c75","/habits/index.html":"0c02296d5eee2336f5ff74b769391a30219d4342c7280ac696f0505ac8eda1ad","/impossible/index.html":"25d8e5b9759bbb5d058b6475cc321b114e99d87bdf9bbece9a8be631afb41092","/checklist/badminton/index.html":"446465ead2f8692630728245195cff955fdfdd76da324cbfd53e10a646775acd","/checklist/sinus/index.html":"16d06bd68d17eac06d49d0cd5dd69c0bdb4f6e622819df76380957654324f2fe","/checklist/travel-to-pack/index.html":"a5f7ffbbd9ba8b469b0c9101fd33d8fcfa4d7a574e4a13a5e8367e7f215aeb7d","/lists/index.xml":"8174bd494d09d5e7596dd60895696f87988b98c8ac11ed528c5557f0fbaf30a7","/lists/index.html":"7cde1cfd5621e41341151982568041ac14b0d6f4c38272f74d4a7c31c9ec8935","/lists/books/index.html":"0781306cbb62d61b85a2c6dfe0aae672dead3fae871466e5a13d0a69e3ffe861","/lists/habits/index.html":"8382362e09611538ba1fdfb541a26535892036f15c6e97bbed869ead9243125b","/lists/impossible/index.html":"4edffd40a4ba1c5299a69ece0844ed569403ba1538d1a5c657a0168f4c49f2d7","/lists/page/1/index.html":"7ce0eb4985f961e96b7e3f8de905059dd25f1ccf2096ec03f0e7ff46ad046d3b","/now/index.html":"1e2e6989359ec78e00737cb33d2f75b2ae1b0f1d380e8bbac05a73bab0bc465e","/lists/now/index.html":"9f338aa1832fadac1096c80b0c570117aa88d4febeb0c3afab07cd1fbe016c76","/page/1/index.html":"7dec5601d73fc8667de4f04bd77a14ed484f39f16508fad2cbd2fecd902e7e08","/series/index.html":"3f9243c6153bd9075f9f55898d4a615234c4a893053fe09c491bf3688f3b80de","/lists/questions/index.html":"6f646bfcc4d17da05b8f41e0b1d1bf57b036035bf2d1e9b0a04cb99c1bf7e408","/series/index.xml":"a4b24509c127b67ebbbd59cba898567a1c7b7eaac8f9101ad178f5b153c89a64","/tags/blockchain/page/1/index.html":"e80dd9a6f71ceedbf2dbeb68580c9d99e8a3b3b50c7bd22980948cca59de55c0","/tags/test/index.html":"deea5ecbc106ece082ebd6ee1d6548ce971a3aa5f3b4a9692e6a9e7e2285c760","/tags/test/index.xml":"9ccc63b2513b3794e1776d7eee7d755f93ce3ca90e32eaf0c47e707742c335e1","/tags/test/page/1/index.html":"ae1fd098ae3fc248f694d4e639a2e471b6bd2cc14a71b3ead031de93609cb74e","/tags/index.xml":"4ed0e311b898b208b2c54897e22ada4bafc6428569cb2feed9fb7035a19b23fb","/page/2/index.html":"1520cae7993eedc590c341098d4139c36b32a4d8276cf5c2bdd9d9c79c113b41","/tags/blockchain/index.xml":"315aae6c2713988a9854a804a159bd580a6c0b5f7599e2142aaefe00bb1e5764","/tags/index.html":"540b6c6e5882306f91f8fe4d50a0d5a4a4e55d059e6ebd3589661055cd5fb3f7","/tags/coding/index.xml":"0b474c061835b5c82506efa680eb753bf772c4b124d595fe2f2f1fd2ec0c335d","/tags/coding/page/1/index.html":"34dc4b1598b500de69991115790a88a48d7e07bb7e68e877139f851b8afd7718","/lists/thankyou/index.html":"ff9f46b8b34fbc4731d9488a5f653c7ff61522625a8d20e0039ebdb84c7c62bb","/tags/decision-making/index.xml":"6d2caa83d00ff22ba23dd6dfb427ffbfac2ee22e6d2f4ab7601961f73514e290","/tags/coding/index.html":"2867ca5a25c2e5a72932bde95a700d9d2eca5644dcb53676fddf39c00f856a79","/tags/blockchain/index.html":"ba7f71e602042c3858615eff59e9055de86f5127d90a6f9776fd7dc154e506b4","/tags/goal/page/1/index.html":"f07c60af7ef701a60840c7580235b3d3fdd161be54156b7b6d9ed4cd0691ee30","/tags/goal/index.xml":"47745ccacef7eb93caf1b51de94e03385858b733fa084b4354a35621049c7820","/tags/decision-making/page/1/index.html":"b6181be35dd014c126a52902f3158f7942845f1f5705b121edc0d74907681ccf","/tags/decision-making/index.html":"d0c9fe12992d45535e4b944fbc3cbff465765bbfa83bf2f32ae58833f7d99386","/tags/growth/page/1/index.html":"3be29e20cc8f747e016db4f7ac8950b1977ab4b60394ada53378f05ee9ce1280","/tags/growth/index.xml":"aa5cc9bedb2b00fb69b10d3435c8e0efbeb1a3ee14df6d394970f3d27250d305","/tags/habit/page/1/index.html":"ebbfc9b37662fec945c3e4c2570909e32bb81a599d45dac4d7cddf71d912ac9d","/tags/goal/index.html":"a953ee38654041ce3b047f96696328b33c39ab2e2a7923a923c8bd33a3a33405","/tags/growth/index.html":"614689da5188046b816c3463ef7231f35fb88e51b27e282fe389c9af280629e0","/tags/habit/index.xml":"3c2dd57855388de799560cb084ab98d9fbe60317b2749e0438dc09e923799dae","/tags/inspiration/index.xml":"713d5bfaca65231776f295f8e87521ce0427c758fe95b03f77769231ccb1fab5","/tags/inspiration/page/1/index.html":"5c6ae78c6d81534cf7d9e9e07990ec31981b5ad90bfff1d3092952c1cc0387e6","/tags/insurance/page/1/index.html":"a78aa7626d0b9ee165342494152314022f4abdb83391099cd8d955b4e0d86445","/tags/insurance/index.xml":"d85a699582f95c0a9509cd292e2d90b5c6d697a9b87ad2b64508c47b2bee3139","/tags/life/page/1/index.html":"d56575a8114dda3ecb756382bceab58b2bddd108363b45369b521473065c37b8","/tags/habit/index.html":"060edb72dbfc3505e1685fe1c3765152b37c560aaa18c32e1d33b82f1a0eeaa5","/tags/life/index.xml":"8e472ba5136c66f7e0fd9c8d64a12a42a95f4efffc90f690b78aeec76fd49b3c","/tags/inspiration/index.html":"29777ca51c2eec17c2eb0720c170805edd51b0a225c9d86c0a4e020dcaaf8b08","/tags/lifestyle/page/1/index.html":"625e51f7fd2665b4d6810bd45763266183539ba969cceda7bf6e6c28e249cded","/tags/insurance/index.html":"d5a5296945db7ed6f49195c49494abc97100d9951191051cc3c703ba7dc48f41","/tags/life/index.html":"b3b7fefd2756a7423cd7cd99bf025c4d6822cb0997289e9c212771fc766c36bc","/tags/reflect/index.xml":"cd6ae9edceb596252efa8dcc4a7a6f1a01020d36b7de156e2338e7ec7ad80de3","/tags/lifestyle/index.xml":"9b36b7fcef0fade2a4b9e68dd3d430038d7126c10c2b73c2489bbef8728f505e","/tags/lifestyle/index.html":"fa45c9952b8a03362f22d17986dd5bf1519f4827558921c219b07f1f6c59344a","/tags/reflect/page/1/index.html":"344a2b96ba9dcfb4e87f9b4f9196ce0a42b065764351a9b416e01c5674fbce57","/tags/reflection/index.xml":"85f63365b78220de1fd77eab53bd26b3e189a4b588fb56dcbc740ec68fd076e5","/tags/reflect/index.html":"619629e8148543ec947ab3a433a478bd8411f2e288d5f93fe25553d3d80a6b3e","/tags/reflection/index.html":"e5fa9d5f70994276556d6c25e21f35405a34b1d1b14458afcd9899041047b981","/tags/reflection/page/1/index.html":"41c74b85b8c9f6816e3527f7daa55800c97b916147e2435fd91671859548b5a6","/tags/relationship/index.xml":"7e8784f1117cb21ab4090f75181927e9fe25871df38d2417990f56f44d4a31f6","/tags/relationship/index.html":"ed6861612d8e714799953b8fcf5d5b0d0eea30f574e75a90d2ddbce76236c1b2","/assets/js/highlight.f413e19d0714851f6474e7ee9632408e58ac146fbdbe62747134bea2fa3415e0.js":"aeb9fffeb369c300fdb4c93ea4676b8dee24bd18721e68b9f57d6bc66755a070","/tags/relationship/page/1/index.html":"85f7b6ca5b2102202c33d1af4ca95da91d11c7c0282e8c4eb5f2db64ac953c57","/tags/self-improvement/page/1/index.html":"54231053e37b3d5efb60f928484b85a78396c15e25f60112beeefe7a056a7d41","/tags/self-improvement/index.xml":"12d49ad0d3f3f01ff6af560d1901d2435cb49ff161f293f47296a91892505d9d","/tags/share/index.xml":"3ed721229b2fe0aabe46c1fd44ceb45c953e3b5a1cec271205c5edf54ff93185","/tags/self-improvement/index.html":"028f30a33566229ae402ea71686240556a5c51fd9a3bf6a02f52065985b2899c","/tags/share/page/1/index.html":"916504b080b4dbc5dc4acf1878cd3c106c7891fac103deac40bca339c3ecfd5b","/thankyou/index.html":"17ffbe756e639b1babccea87192a7f22d6b9e535b8cfa4d3a4245abadad9d6f4","/tags/share/index.html":"93dfaeecbb98975a7e6421f7266b0dcf960cdf12eb65ca0c8fcf7e9f73779d82"}}
[debug] [2023-11-04T17:19:43.226Z] <<< [apiv2][status] POST https://firebasehosting.googleapis.com/v1beta1/projects/926041565242/sites/andrewsiah-f3b0b/versions/684ed2a9227fadfd:populateFiles 200
[debug] [2023-11-04T17:19:43.226Z] <<< [apiv2][body] POST https://firebasehosting.googleapis.com/v1beta1/projects/926041565242/sites/andrewsiah-f3b0b/versions/684ed2a9227fadfd:populateFiles {"uploadRequiredHashes":["e00dd0aa69cf9ff870ed2ed5374fcc83d3555b761a6d0156cf3a47b076dbf221","2867ca5a25c2e5a72932bde95a700d9d2eca5644dcb53676fddf39c00f856a79","3101fdbc1cebd2304b639380c58166c0bfc525348249f6718ee6c67ebe0d79cf","1520cae7993eedc590c341098d4139c36b32a4d8276cf5c2bdd9d9c79c113b41","007345aafa8c2c750c511bf19c84a44c53d33ce24199006502c78d528e2ad767","b318836097bac1adcdc5de0affd2f325b13369d7c03cd0cdbb7797153084e20b","4ed0e311b898b208b2c54897e22ada4bafc6428569cb2feed9fb7035a19b23fb","0b474c061835b5c82506efa680eb753bf772c4b124d595fe2f2f1fd2ec0c335d","540b6c6e5882306f91f8fe4d50a0d5a4a4e55d059e6ebd3589661055cd5fb3f7","807535b67574cfb8f0a5cea2be30600aa11ba5177acc9ac10cf75da363c0703c","5da2fa80011dacd2dce88fb9cb0ada9da7b4158ecaeb63bce87f8a2653a6664f","a632ce367aa7119ed3fa79712b05750175ad762bd2c81ab1608fcb5c0fa45317","06298208332e7855c2c82cd319b44b16f62d2851a8e55cc717750db2c269a44f","34dc4b1598b500de69991115790a88a48d7e07bb7e68e877139f851b8afd7718"],"uploadUrl":"https://upload-firebasehosting.googleapis.com/upload/sites/andrewsiah-f3b0b/versions/684ed2a9227fadfd/files"}
[debug] [2023-11-04T17:19:43.229Z] >>> [apiv2][query] POST https://upload-firebasehosting.googleapis.com/upload/sites/andrewsiah-f3b0b/versions/684ed2a9227fadfd/files/e00dd0aa69cf9ff870ed2ed5374fcc83d3555b761a6d0156cf3a47b076dbf221 [none]
[debug] [2023-11-04T17:19:43.229Z] >>> [apiv2][body] POST https://upload-firebasehosting.googleapis.com/upload/sites/andrewsiah-f3b0b/versions/684ed2a9227fadfd/files/e00dd0aa69cf9ff870ed2ed5374fcc83d3555b761a6d0156cf3a47b076dbf221 [stream]
[debug] [2023-11-04T17:19:43.231Z] >>> [apiv2][query] POST https://upload-firebasehosting.googleapis.com/upload/sites/andrewsiah-f3b0b/versions/684ed2a9227fadfd/files/2867ca5a25c2e5a72932bde95a700d9d2eca5644dcb53676fddf39c00f856a79 [none]
[debug] [2023-11-04T17:19:43.231Z] >>> [apiv2][body] POST https://upload-firebasehosting.googleapis.com/upload/sites/andrewsiah-f3b0b/versions/684ed2a9227fadfd/files/2867ca5a25c2e5a72932bde95a700d9d2eca5644dcb53676fddf39c00f856a79 [stream]
[debug] [2023-11-04T17:19:43.232Z] >>> [apiv2][query] POST https://upload-firebasehosting.googleapis.com/upload/sites/andrewsiah-f3b0b/versions/684ed2a9227fadfd/files/3101fdbc1cebd2304b639380c58166c0bfc525348249f6718ee6c67ebe0d79cf [none]
[debug] [2023-11-04T17:19:43.232Z] >>> [apiv2][body] POST https://upload-firebasehosting.googleapis.com/upload/sites/andrewsiah-f3b0b/versions/684ed2a9227fadfd/files/3101fdbc1cebd2304b639380c58166c0bfc525348249f6718ee6c67ebe0d79cf [stream]
[debug] [2023-11-04T17:19:43.233Z] >>> [apiv2][query] POST https://upload-firebasehosting.googleapis.com/upload/sites/andrewsiah-f3b0b/versions/684ed2a9227fadfd/files/1520cae7993eedc590c341098d4139c36b32a4d8276cf5c2bdd9d9c79c113b41 [none]
[debug] [2023-11-04T17:19:43.233Z] >>> [apiv2][body] POST https://upload-firebasehosting.googleapis.com/upload/sites/andrewsiah-f3b0b/versions/684ed2a9227fadfd/files/1520cae7993eedc590c341098d4139c36b32a4d8276cf5c2bdd9d9c79c113b41 [stream]
[debug] [2023-11-04T17:19:43.234Z] >>> [apiv2][query] POST https://upload-firebasehosting.googleapis.com/upload/sites/andrewsiah-f3b0b/versions/684ed2a9227fadfd/files/007345aafa8c2c750c511bf19c84a44c53d33ce24199006502c78d528e2ad767 [none]
[debug] [2023-11-04T17:19:43.234Z] >>> [apiv2][body] POST https://upload-firebasehosting.googleapis.com/upload/sites/andrewsiah-f3b0b/versions/684ed2a9227fadfd/files/007345aafa8c2c750c511bf19c84a44c53d33ce24199006502c78d528e2ad767 [stream]
[debug] [2023-11-04T17:19:43.235Z] >>> [apiv2][query] POST https://upload-firebasehosting.googleapis.com/upload/sites/andrewsiah-f3b0b/versions/684ed2a9227fadfd/files/b318836097bac1adcdc5de0affd2f325b13369d7c03cd0cdbb7797153084e20b [none]
[debug] [2023-11-04T17:19:43.235Z] >>> [apiv2][body] POST https://upload-firebasehosting.googleapis.com/upload/sites/andrewsiah-f3b0b/versions/684ed2a9227fadfd/files/b318836097bac1adcdc5de0affd2f325b13369d7c03cd0cdbb7797153084e20b [stream]
[debug] [2023-11-04T17:19:43.237Z] >>> [apiv2][query] POST https://upload-firebasehosting.googleapis.com/upload/sites/andrewsiah-f3b0b/versions/684ed2a9227fadfd/files/4ed0e311b898b208b2c54897e22ada4bafc6428569cb2feed9fb7035a19b23fb [none]
[debug] [2023-11-04T17:19:43.237Z] >>> [apiv2][body] POST https://upload-firebasehosting.googleapis.com/upload/sites/andrewsiah-f3b0b/versions/684ed2a9227fadfd/files/4ed0e311b898b208b2c54897e22ada4bafc6428569cb2feed9fb7035a19b23fb [stream]
[debug] [2023-11-04T17:19:43.238Z] >>> [apiv2][query] POST https://upload-firebasehosting.googleapis.com/upload/sites/andrewsiah-f3b0b/versions/684ed2a9227fadfd/files/0b474c061835b5c82506efa680eb753bf772c4b124d595fe2f2f1fd2ec0c335d [none]
[debug] [2023-11-04T17:19:43.238Z] >>> [apiv2][body] POST https://upload-firebasehosting.googleapis.com/upload/sites/andrewsiah-f3b0b/versions/684ed2a9227fadfd/files/0b474c061835b5c82506efa680eb753bf772c4b124d595fe2f2f1fd2ec0c335d [stream]
[debug] [2023-11-04T17:19:43.239Z] >>> [apiv2][query] POST https://upload-firebasehosting.googleapis.com/upload/sites/andrewsiah-f3b0b/versions/684ed2a9227fadfd/files/540b6c6e5882306f91f8fe4d50a0d5a4a4e55d059e6ebd3589661055cd5fb3f7 [none]
[debug] [2023-11-04T17:19:43.239Z] >>> [apiv2][body] POST https://upload-firebasehosting.googleapis.com/upload/sites/andrewsiah-f3b0b/versions/684ed2a9227fadfd/files/540b6c6e5882306f91f8fe4d50a0d5a4a4e55d059e6ebd3589661055cd5fb3f7 [stream]
[debug] [2023-11-04T17:19:43.240Z] >>> [apiv2][query] POST https://upload-firebasehosting.googleapis.com/upload/sites/andrewsiah-f3b0b/versions/684ed2a9227fadfd/files/807535b67574cfb8f0a5cea2be30600aa11ba5177acc9ac10cf75da363c0703c [none]
[debug] [2023-11-04T17:19:43.240Z] >>> [apiv2][body] POST https://upload-firebasehosting.googleapis.com/upload/sites/andrewsiah-f3b0b/versions/684ed2a9227fadfd/files/807535b67574cfb8f0a5cea2be30600aa11ba5177acc9ac10cf75da363c0703c [stream]
[debug] [2023-11-04T17:19:43.241Z] >>> [apiv2][query] POST https://upload-firebasehosting.googleapis.com/upload/sites/andrewsiah-f3b0b/versions/684ed2a9227fadfd/files/5da2fa80011dacd2dce88fb9cb0ada9da7b4158ecaeb63bce87f8a2653a6664f [none]
[debug] [2023-11-04T17:19:43.241Z] >>> [apiv2][body] POST https://upload-firebasehosting.googleapis.com/upload/sites/andrewsiah-f3b0b/versions/684ed2a9227fadfd/files/5da2fa80011dacd2dce88fb9cb0ada9da7b4158ecaeb63bce87f8a2653a6664f [stream]
[debug] [2023-11-04T17:19:43.242Z] >>> [apiv2][query] POST https://upload-firebasehosting.googleapis.com/upload/sites/andrewsiah-f3b0b/versions/684ed2a9227fadfd/files/a632ce367aa7119ed3fa79712b05750175ad762bd2c81ab1608fcb5c0fa45317 [none]
[debug] [2023-11-04T17:19:43.242Z] >>> [apiv2][body] POST https://upload-firebasehosting.googleapis.com/upload/sites/andrewsiah-f3b0b/versions/684ed2a9227fadfd/files/a632ce367aa7119ed3fa79712b05750175ad762bd2c81ab1608fcb5c0fa45317 [stream]
[debug] [2023-11-04T17:19:43.243Z] >>> [apiv2][query] POST https://upload-firebasehosting.googleapis.com/upload/sites/andrewsiah-f3b0b/versions/684ed2a9227fadfd/files/06298208332e7855c2c82cd319b44b16f62d2851a8e55cc717750db2c269a44f [none]
[debug] [2023-11-04T17:19:43.243Z] >>> [apiv2][body] POST https://upload-firebasehosting.googleapis.com/upload/sites/andrewsiah-f3b0b/versions/684ed2a9227fadfd/files/06298208332e7855c2c82cd319b44b16f62d2851a8e55cc717750db2c269a44f [stream]
[debug] [2023-11-04T17:19:43.244Z] >>> [apiv2][query] POST https://upload-firebasehosting.googleapis.com/upload/sites/andrewsiah-f3b0b/versions/684ed2a9227fadfd/files/34dc4b1598b500de69991115790a88a48d7e07bb7e68e877139f851b8afd7718 [none]
[debug] [2023-11-04T17:19:43.244Z] >>> [apiv2][body] POST https://upload-firebasehosting.googleapis.com/upload/sites/andrewsiah-f3b0b/versions/684ed2a9227fadfd/files/34dc4b1598b500de69991115790a88a48d7e07bb7e68e877139f851b8afd7718 [stream]
[debug] [2023-11-04T17:19:43.245Z] [hosting][populate queue][FINAL] {"max":446,"min":446,"avg":446,"active":0,"complete":1,"success":1,"errored":0,"retried":0,"total":1,"elapsed":462}
[debug] [2023-11-04T17:19:43.245Z] [hosting] uploads queued: 14
[debug] [2023-11-04T17:19:43.974Z] <<< [apiv2][status] POST https://upload-firebasehosting.googleapis.com/upload/sites/andrewsiah-f3b0b/versions/684ed2a9227fadfd/files/807535b67574cfb8f0a5cea2be30600aa11ba5177acc9ac10cf75da363c0703c 200
[debug] [2023-11-04T17:19:43.974Z] <<< [apiv2][body] POST https://upload-firebasehosting.googleapis.com/upload/sites/andrewsiah-f3b0b/versions/684ed2a9227fadfd/files/807535b67574cfb8f0a5cea2be30600aa11ba5177acc9ac10cf75da363c0703c [stream]
[debug] [2023-11-04T17:19:43.974Z] <<< [apiv2][status] POST https://upload-firebasehosting.googleapis.com/upload/sites/andrewsiah-f3b0b/versions/684ed2a9227fadfd/files/1520cae7993eedc590c341098d4139c36b32a4d8276cf5c2bdd9d9c79c113b41 200
[debug] [2023-11-04T17:19:43.974Z] <<< [apiv2][body] POST https://upload-firebasehosting.googleapis.com/upload/sites/andrewsiah-f3b0b/versions/684ed2a9227fadfd/files/1520cae7993eedc590c341098d4139c36b32a4d8276cf5c2bdd9d9c79c113b41 [stream]
[debug] [2023-11-04T17:19:43.975Z] <<< [apiv2][status] POST https://upload-firebasehosting.googleapis.com/upload/sites/andrewsiah-f3b0b/versions/684ed2a9227fadfd/files/0b474c061835b5c82506efa680eb753bf772c4b124d595fe2f2f1fd2ec0c335d 200
[debug] [2023-11-04T17:19:43.975Z] <<< [apiv2][body] POST https://upload-firebasehosting.googleapis.com/upload/sites/andrewsiah-f3b0b/versions/684ed2a9227fadfd/files/0b474c061835b5c82506efa680eb753bf772c4b124d595fe2f2f1fd2ec0c335d [stream]
[debug] [2023-11-04T17:19:43.975Z] <<< [apiv2][status] POST https://upload-firebasehosting.googleapis.com/upload/sites/andrewsiah-f3b0b/versions/684ed2a9227fadfd/files/007345aafa8c2c750c511bf19c84a44c53d33ce24199006502c78d528e2ad767 200
[debug] [2023-11-04T17:19:43.975Z] <<< [apiv2][body] POST https://upload-firebasehosting.googleapis.com/upload/sites/andrewsiah-f3b0b/versions/684ed2a9227fadfd/files/007345aafa8c2c750c511bf19c84a44c53d33ce24199006502c78d528e2ad767 [stream]
[debug] [2023-11-04T17:19:43.975Z] <<< [apiv2][status] POST https://upload-firebasehosting.googleapis.com/upload/sites/andrewsiah-f3b0b/versions/684ed2a9227fadfd/files/2867ca5a25c2e5a72932bde95a700d9d2eca5644dcb53676fddf39c00f856a79 200
[debug] [2023-11-04T17:19:43.975Z] <<< [apiv2][body] POST https://upload-firebasehosting.googleapis.com/upload/sites/andrewsiah-f3b0b/versions/684ed2a9227fadfd/files/2867ca5a25c2e5a72932bde95a700d9d2eca5644dcb53676fddf39c00f856a79 [stream]
[debug] [2023-11-04T17:19:43.976Z] <<< [apiv2][status] POST https://upload-firebasehosting.googleapis.com/upload/sites/andrewsiah-f3b0b/versions/684ed2a9227fadfd/files/e00dd0aa69cf9ff870ed2ed5374fcc83d3555b761a6d0156cf3a47b076dbf221 200
[debug] [2023-11-04T17:19:43.976Z] <<< [apiv2][body] POST https://upload-firebasehosting.googleapis.com/upload/sites/andrewsiah-f3b0b/versions/684ed2a9227fadfd/files/e00dd0aa69cf9ff870ed2ed5374fcc83d3555b761a6d0156cf3a47b076dbf221 [stream]
[debug] [2023-11-04T17:19:43.976Z] <<< [apiv2][status] POST https://upload-firebasehosting.googleapis.com/upload/sites/andrewsiah-f3b0b/versions/684ed2a9227fadfd/files/06298208332e7855c2c82cd319b44b16f62d2851a8e55cc717750db2c269a44f 200
[debug] [2023-11-04T17:19:43.976Z] <<< [apiv2][body] POST https://upload-firebasehosting.googleapis.com/upload/sites/andrewsiah-f3b0b/versions/684ed2a9227fadfd/files/06298208332e7855c2c82cd319b44b16f62d2851a8e55cc717750db2c269a44f [stream]
[debug] [2023-11-04T17:19:43.976Z] <<< [apiv2][status] POST https://upload-firebasehosting.googleapis.com/upload/sites/andrewsiah-f3b0b/versions/684ed2a9227fadfd/files/b318836097bac1adcdc5de0affd2f325b13369d7c03cd0cdbb7797153084e20b 200
[debug] [2023-11-04T17:19:43.976Z] <<< [apiv2][body] POST https://upload-firebasehosting.googleapis.com/upload/sites/andrewsiah-f3b0b/versions/684ed2a9227fadfd/files/b318836097bac1adcdc5de0affd2f325b13369d7c03cd0cdbb7797153084e20b [stream]
[debug] [2023-11-04T17:19:43.976Z] <<< [apiv2][status] POST https://upload-firebasehosting.googleapis.com/upload/sites/andrewsiah-f3b0b/versions/684ed2a9227fadfd/files/5da2fa80011dacd2dce88fb9cb0ada9da7b4158ecaeb63bce87f8a2653a6664f 200
[debug] [2023-11-04T17:19:43.976Z] <<< [apiv2][body] POST https://upload-firebasehosting.googleapis.com/upload/sites/andrewsiah-f3b0b/versions/684ed2a9227fadfd/files/5da2fa80011dacd2dce88fb9cb0ada9da7b4158ecaeb63bce87f8a2653a6664f [stream]
[debug] [2023-11-04T17:19:43.977Z] <<< [apiv2][status] POST https://upload-firebasehosting.googleapis.com/upload/sites/andrewsiah-f3b0b/versions/684ed2a9227fadfd/files/a632ce367aa7119ed3fa79712b05750175ad762bd2c81ab1608fcb5c0fa45317 200
[debug] [2023-11-04T17:19:43.977Z] <<< [apiv2][body] POST https://upload-firebasehosting.googleapis.com/upload/sites/andrewsiah-f3b0b/versions/684ed2a9227fadfd/files/a632ce367aa7119ed3fa79712b05750175ad762bd2c81ab1608fcb5c0fa45317 [stream]
[debug] [2023-11-04T17:19:43.977Z] <<< [apiv2][status] POST https://upload-firebasehosting.googleapis.com/upload/sites/andrewsiah-f3b0b/versions/684ed2a9227fadfd/files/540b6c6e5882306f91f8fe4d50a0d5a4a4e55d059e6ebd3589661055cd5fb3f7 200
[debug] [2023-11-04T17:19:43.977Z] <<< [apiv2][body] POST https://upload-firebasehosting.googleapis.com/upload/sites/andrewsiah-f3b0b/versions/684ed2a9227fadfd/files/540b6c6e5882306f91f8fe4d50a0d5a4a4e55d059e6ebd3589661055cd5fb3f7 [stream]
[debug] [2023-11-04T17:19:43.977Z] <<< [apiv2][status] POST https://upload-firebasehosting.googleapis.com/upload/sites/andrewsiah-f3b0b/versions/684ed2a9227fadfd/files/4ed0e311b898b208b2c54897e22ada4bafc6428569cb2feed9fb7035a19b23fb 200
[debug] [2023-11-04T17:19:43.977Z] <<< [apiv2][body] POST https://upload-firebasehosting.googleapis.com/upload/sites/andrewsiah-f3b0b/versions/684ed2a9227fadfd/files/4ed0e311b898b208b2c54897e22ada4bafc6428569cb2feed9fb7035a19b23fb [stream]
[debug] [2023-11-04T17:19:43.977Z] <<< [apiv2][status] POST https://upload-firebasehosting.googleapis.com/upload/sites/andrewsiah-f3b0b/versions/684ed2a9227fadfd/files/3101fdbc1cebd2304b639380c58166c0bfc525348249f6718ee6c67ebe0d79cf 200
[debug] [2023-11-04T17:19:43.977Z] <<< [apiv2][body] POST https://upload-firebasehosting.googleapis.com/upload/sites/andrewsiah-f3b0b/versions/684ed2a9227fadfd/files/3101fdbc1cebd2304b639380c58166c0bfc525348249f6718ee6c67ebe0d79cf [stream]
[debug] [2023-11-04T17:19:43.978Z] <<< [apiv2][status] POST https://upload-firebasehosting.googleapis.com/upload/sites/andrewsiah-f3b0b/versions/684ed2a9227fadfd/files/34dc4b1598b500de69991115790a88a48d7e07bb7e68e877139f851b8afd7718 200
[debug] [2023-11-04T17:19:43.978Z] <<< [apiv2][body] POST https://upload-firebasehosting.googleapis.com/upload/sites/andrewsiah-f3b0b/versions/684ed2a9227fadfd/files/34dc4b1598b500de69991115790a88a48d7e07bb7e68e877139f851b8afd7718 [stream]
[debug] [2023-11-04T17:19:43.978Z] [hosting][upload queue][FINAL] {"max":750,"min":746,"avg":748.1428571428571,"active":0,"complete":14,"success":14,"errored":0,"retried":0,"total":14,"elapsed":751}
[info] ✔  hosting[andrewsiah-f3b0b]: file upload complete 
[debug] [2023-11-04T17:19:43.979Z] [hosting] deploy completed after 1233ms
[debug] [2023-11-04T17:19:43.979Z] [
  {
    "config": {
      "public": "public",
      "ignore": [
        "firebase.json",
        "**/.*",
        "**/node_modules/**"
      ],
      "site": "andrewsiah-f3b0b"
    },
    "version": "projects/926041565242/sites/andrewsiah-f3b0b/versions/684ed2a9227fadfd"
  }
]
[info] i  hosting[andrewsiah-f3b0b]: finalizing version... 
[debug] [2023-11-04T17:19:43.980Z] >>> [apiv2][query] PATCH https://firebasehosting.googleapis.com/v1beta1/projects/-/sites/andrewsiah-f3b0b/versions/684ed2a9227fadfd updateMask=status%2Cconfig
[debug] [2023-11-04T17:19:43.980Z] >>> [apiv2][body] PATCH https://firebasehosting.googleapis.com/v1beta1/projects/-/sites/andrewsiah-f3b0b/versions/684ed2a9227fadfd {"status":"FINALIZED","config":{}}
